뤯쐃쫧쮏쒫햣햫햦햣 쮐 쮏혧향쮏쒫썜햣햩혪 6424595615 (username: Dmitriy_prog): 游꽇 쮏햟햪햪햟 햦혝햟햫햦혪

뤯쐃쫧쮏쒫햣햫햦햣 쮐 쮏혧향쮏쒫썜햣햩혪 6424595615 (username: Dmitriy_prog): 游녻 햎쮏 쮐햦햩혧

뤯쐃쫧쮏쒫햣햫햦햣 쮐 쮏혧향쮏쒫썜햣햩혪 6424595615 (username: Dmitriy_prog): 游꽇 쮏햟햪햪햟 햦혝햟햫햦혪

뤯쐃쫧쮏쒫햣햫햦햣 쮐 쮏혧향쮏쒫썜햣햩혪 None (username: None): None

뤯쐃쫧쮏쒫햣햫햦햣 쮐 쮏혧향쮏쒫썜햣햩혪 6424595615 (username: Dmitriy_prog): 햅

뤯쐃쫧쮏쒫햣햫햦햣 쮐 쮏혧향쮏쒫썜햣햩혪 None (username: None): None

뤯쐃쫧쮏쒫햣햫햦햣 쮐 쮏혧향쮏쒫썜햣햩혪 6424595615 (username: Dmitriy_prog): 먬

뤯쐃쫧쮏쒫햣햫햦햣 쮐 쮏혧향쮏쒫썜햣햩혪 6424595615 (username: Dmitriy_prog): 뤯쮏

뤯쐃쫧쮏쒫햣햫햦햣 쮐 쮏혧향쮏쒫썜햣햩혪 6424595615 (username: Dmitriy_prog): 햗혣

뤯쐃쫧쮏쒫햣햫햦햣 쮐 쮏혧향쮏쒫썜햣햩혪 None (username: None): None

뤯쐃쫧쮏쒫햣햫햦햣 쮐 쮏혧향쮏쒫썜햣햩혪 None (username: None): None

뤯쐃쫧쮏쒫햣햫햦햣 쮐 쮏혧향쮏쒫썜햣햩혪 None (username: None): None

뤯쐃쫧쮏쒫햣햫햦햣 쮐 쮏혧향쮏쒫썜햣햩혪 None (username: None): None

뤯쐃쫧쮏쒫햣햫햦햣 쮐 쮏혧향쮏쒫썜햣햩혪 6424595615 (username: Dmitriy_prog): 游꽇 쮏햟햪햪햟 햦혝햟햫햦혪

뤯쐃쫧쮏쒫햣햫햦햣 쮐 쮏혧향쮏쒫썜햣햩혪 None (username: None): None

뤯쐃쫧쮏쒫햣햫햦햣 쮐 쮏혧향쮏쒫썜햣햩혪 6424595615 (username: Dmitriy_prog): 햅햡햡

뤯쐃쫧쮏쒫햣햫햦햣 쮐 쮏혧향쮏쒫썜햣햩혪 None (username: None): None

뤯쐃쫧쮏쒫햣햫햦햣 쮐 쮏혧향쮏쒫썜햣햩혪 6424595615 (username: Dmitriy_prog): 햅

뤯쐃쫧쮏쒫햣햫햦햣 쮐 쮏혧향쮏쒫썜햣햩혪 6424595615 (username: Dmitriy_prog): 햅

뤯쐃쫧쮏쒫햣햫햦햣 쮐 쮏혧향쮏쒫썜햣햩혪 6424595615 (username: Dmitriy_prog): 

뤯쐃쫧쮏쒫햣햫햦햣 쮐 쮏혧향쮏쒫썜햣햩혪 None (username: None): None

뤯쐃쫧쮏쒫햣햫햦햣 쮐 쮏혧향쮏쒫썜햣햩혪 None (username: None): None

뤯쐃쫧쮏쒫햣햫햦햣 쮐 쮏혧향쮏쒫썜햣햩혪 None (username: None): None

뤯쐃쫧쮏쒫햣햫햦햣 쮐 쮏혧향쮏쒫썜햣햩혪 None (username: None): None

뤯쐃쫧쮏쒫햣햫햦햣 쮐 쮏혧향쮏쒫썜햣햩혪 6424595615 (username: Dmitriy_prog): 햅햡햡

뤯쐃쫧쮏쒫햣햫햦햣 쮐 쮏혧향쮏쒫썜햣햩혪 6424595615 (username: Dmitriy_prog): 游녻 햎쮏 쮐햦햩혧

쮏쟳쮐걣햟 쮐걣쟳쐃쥃: HTTPSConnectionPool(host='api.telegram.org', port=443): Max retries exceeded with url: /bot8083197773:AAGqfVg2eo0cygtyFSCZOSuX33HjoH16xTU/getUpdates?offset=204467550&timeout=30 (Caused by NameResolutionError("<urllib3.connection.HTTPSConnection object at 0x7f54bf184d30>: Failed to resolve 'api.telegram.org' ([Errno -3] Temporary failure in name resolution)"))
쮏쟳쮐걣햟 쮐걣쟳쐃쥃: HTTPSConnectionPool(host='api.telegram.org', port=443): Max retries exceeded with url: /bot8083197773:AAGqfVg2eo0cygtyFSCZOSuX33HjoH16xTU/getUpdates?offset=204467550&timeout=30 (Caused by NameResolutionError("<urllib3.connection.HTTPSConnection object at 0x7f54bf1850c0>: Failed to resolve 'api.telegram.org' ([Errno -3] Temporary failure in name resolution)"))
쮏쟳쮐걣햟 쮐걣쟳쐃쥃: HTTPSConnectionPool(host='api.telegram.org', port=443): Max retries exceeded with url: /bot8083197773:AAGqfVg2eo0cygtyFSCZOSuX33HjoH16xTU/getUpdates?offset=204467550&timeout=30 (Caused by NameResolutionError("<urllib3.connection.HTTPSConnection object at 0x7f54bf1855a0>: Failed to resolve 'api.telegram.org' ([Errno -3] Temporary failure in name resolution)"))
쮏쟳쮐걣햟 쮐걣쟳쐃쥃: HTTPSConnectionPool(host='api.telegram.org', port=443): Max retries exceeded with url: /bot8083197773:AAGqfVg2eo0cygtyFSCZOSuX33HjoH16xTU/getUpdates?offset=204467550&timeout=30 (Caused by NameResolutionError("<urllib3.connection.HTTPSConnection object at 0x7f54bf185bd0>: Failed to resolve 'api.telegram.org' ([Errno -3] Temporary failure in name resolution)"))
쮏쟳쮐걣햟 쮐걣쟳쐃쥃: HTTPSConnectionPool(host='api.telegram.org', port=443): Max retries exceeded with url: /bot8083197773:AAGqfVg2eo0cygtyFSCZOSuX33HjoH16xTU/getUpdates?offset=204467550&timeout=30 (Caused by NameResolutionError("<urllib3.connection.HTTPSConnection object at 0x7f54bf186230>: Failed to resolve 'api.telegram.org' ([Errno -3] Temporary failure in name resolution)"))
쮏쟳쮐걣햟 쮐걣쟳쐃쥃: HTTPSConnectionPool(host='api.telegram.org', port=443): Max retries exceeded with url: /bot8083197773:AAGqfVg2eo0cygtyFSCZOSuX33HjoH16xTU/getUpdates?offset=204467550&timeout=30 (Caused by NameResolutionError("<urllib3.connection.HTTPSConnection object at 0x7f54bf186ec0>: Failed to resolve 'api.telegram.org' ([Errno -3] Temporary failure in name resolution)"))
쮏쟳쮐걣햟 쮐걣쟳쐃쥃: HTTPSConnectionPool(host='api.telegram.org', port=443): Max retries exceeded with url: /bot8083197773:AAGqfVg2eo0cygtyFSCZOSuX33HjoH16xTU/getUpdates?offset=204467550&timeout=30 (Caused by NameResolutionError("<urllib3.connection.HTTPSConnection object at 0x7f54bf11f190>: Failed to resolve 'api.telegram.org' ([Errno -3] Temporary failure in name resolution)"))
쮏쟳쮐걣햟 쮐걣쟳쐃쥃: HTTPSConnectionPool(host='api.telegram.org', port=443): Max retries exceeded with url: /bot8083197773:AAGqfVg2eo0cygtyFSCZOSuX33HjoH16xTU/getUpdates?offset=204467550&timeout=30 (Caused by NameResolutionError("<urllib3.connection.HTTPSConnection object at 0x7f54bf185330>: Failed to resolve 'api.telegram.org' ([Errno -3] Temporary failure in name resolution)"))
쮏쟳쮐걣햟 쮐걣쟳쐃쥃: HTTPSConnectionPool(host='api.telegram.org', port=443): Max retries exceeded with url: /bot8083197773:AAGqfVg2eo0cygtyFSCZOSuX33HjoH16xTU/getUpdates?offset=204467550&timeout=30 (Caused by NameResolutionError("<urllib3.connection.HTTPSConnection object at 0x7f54bf1866e0>: Failed to resolve 'api.telegram.org' ([Errno -3] Temporary failure in name resolution)"))
쮏쟳쮐걣햟 쮐걣쟳쐃쥃: HTTPSConnectionPool(host='api.telegram.org', port=443): Max retries exceeded with url: /bot8083197773:AAGqfVg2eo0cygtyFSCZOSuX33HjoH16xTU/getUpdates?offset=204467550&timeout=30 (Caused by NameResolutionError("<urllib3.connection.HTTPSConnection object at 0x7f54bf1858d0>: Failed to resolve 'api.telegram.org' ([Errno -3] Temporary failure in name resolution)"))
쮏쟳쮐걣햟 쮐걣쟳쐃쥃: HTTPSConnectionPool(host='api.telegram.org', port=443): Max retries exceeded with url: /bot8083197773:AAGqfVg2eo0cygtyFSCZOSuX33HjoH16xTU/getUpdates?offset=204467550&timeout=30 (Caused by NameResolutionError("<urllib3.connection.HTTPSConnection object at 0x7f54bf184fa0>: Failed to resolve 'api.telegram.org' ([Errno -3] Temporary failure in name resolution)"))
쮏쟳쮐걣햟 쮐걣쟳쐃쥃: HTTPSConnectionPool(host='api.telegram.org', port=443): Max retries exceeded with url: /bot8083197773:AAGqfVg2eo0cygtyFSCZOSuX33HjoH16xTU/getUpdates?offset=204467550&timeout=30 (Caused by NameResolutionError("<urllib3.connection.HTTPSConnection object at 0x7f54bf186650>: Failed to resolve 'api.telegram.org' ([Errno -3] Temporary failure in name resolution)"))
쮏쟳쮐걣햟 쮐걣쟳쐃쥃: HTTPSConnectionPool(host='api.telegram.org', port=443): Max retries exceeded with url: /bot8083197773:AAGqfVg2eo0cygtyFSCZOSuX33HjoH16xTU/getUpdates?offset=204467550&timeout=30 (Caused by NameResolutionError("<urllib3.connection.HTTPSConnection object at 0x7f54bf184fd0>: Failed to resolve 'api.telegram.org' ([Errno -3] Temporary failure in name resolution)"))
쮏쟳쮐걣햟 쮐걣쟳쐃쥃: HTTPSConnectionPool(host='api.telegram.org', port=443): Max retries exceeded with url: /bot8083197773:AAGqfVg2eo0cygtyFSCZOSuX33HjoH16xTU/getUpdates?offset=204467550&timeout=30 (Caused by NameResolutionError("<urllib3.connection.HTTPSConnection object at 0x7f54bf1853f0>: Failed to resolve 'api.telegram.org' ([Errno -3] Temporary failure in name resolution)"))
쮏쟳쮐걣햟 쮐걣쟳쐃쥃: HTTPSConnectionPool(host='api.telegram.org', port=443): Max retries exceeded with url: /bot8083197773:AAGqfVg2eo0cygtyFSCZOSuX33HjoH16xTU/getUpdates?offset=204467550&timeout=30 (Caused by NameResolutionError("<urllib3.connection.HTTPSConnection object at 0x7f54bf185180>: Failed to resolve 'api.telegram.org' ([Errno -3] Temporary failure in name resolution)"))
쮏쟳쮐걣햟 쮐걣쟳쐃쥃: HTTPSConnectionPool(host='api.telegram.org', port=443): Max retries exceeded with url: /bot8083197773:AAGqfVg2eo0cygtyFSCZOSuX33HjoH16xTU/getUpdates?offset=204467550&timeout=30 (Caused by NameResolutionError("<urllib3.connection.HTTPSConnection object at 0x7f54bf1868f0>: Failed to resolve 'api.telegram.org' ([Errno -3] Temporary failure in name resolution)"))
쮏쟳쮐걣햟 쮐걣쟳쐃쥃: HTTPSConnectionPool(host='api.telegram.org', port=443): Max retries exceeded with url: /bot8083197773:AAGqfVg2eo0cygtyFSCZOSuX33HjoH16xTU/getUpdates?offset=204467550&timeout=30 (Caused by NameResolutionError("<urllib3.connection.HTTPSConnection object at 0x7f54bf185ae0>: Failed to resolve 'api.telegram.org' ([Errno -3] Temporary failure in name resolution)"))
쮏쟳쮐걣햟 쮐걣쟳쐃쥃: HTTPSConnectionPool(host='api.telegram.org', port=443): Max retries exceeded with url: /bot8083197773:AAGqfVg2eo0cygtyFSCZOSuX33HjoH16xTU/getUpdates?offset=204467550&timeout=30 (Caused by NameResolutionError("<urllib3.connection.HTTPSConnection object at 0x7f54bf186c20>: Failed to resolve 'api.telegram.org' ([Errno -3] Temporary failure in name resolution)"))
쮏쟳쮐걣햟 쮐걣쟳쐃쥃: HTTPSConnectionPool(host='api.telegram.org', port=443): Max retries exceeded with url: /bot8083197773:AAGqfVg2eo0cygtyFSCZOSuX33HjoH16xTU/getUpdates?offset=204467550&timeout=30 (Caused by NameResolutionError("<urllib3.connection.HTTPSConnection object at 0x7f54bf185ab0>: Failed to resolve 'api.telegram.org' ([Errno -3] Temporary failure in name resolution)"))
쮏쟳쮐걣햟 쮐걣쟳쐃쥃: HTTPSConnectionPool(host='api.telegram.org', port=443): Max retries exceeded with url: /bot8083197773:AAGqfVg2eo0cygtyFSCZOSuX33HjoH16xTU/getUpdates?offset=204467550&timeout=30 (Caused by NameResolutionError("<urllib3.connection.HTTPSConnection object at 0x7f54bf1843a0>: Failed to resolve 'api.telegram.org' ([Errno -3] Temporary failure in name resolution)"))
쮏쟳쮐걣햟 쮐걣쟳쐃쥃: HTTPSConnectionPool(host='api.telegram.org', port=443): Max retries exceeded with url: /bot8083197773:AAGqfVg2eo0cygtyFSCZOSuX33HjoH16xTU/getUpdates?offset=204467550&timeout=30 (Caused by NameResolutionError("<urllib3.connection.HTTPSConnection object at 0x7f54bf187700>: Failed to resolve 'api.telegram.org' ([Errno -3] Temporary failure in name resolution)"))
쮏쟳쮐걣햟 쮐걣쟳쐃쥃: HTTPSConnectionPool(host='api.telegram.org', port=443): Max retries exceeded with url: /bot8083197773:AAGqfVg2eo0cygtyFSCZOSuX33HjoH16xTU/getUpdates?offset=204467550&timeout=30 (Caused by NameResolutionError("<urllib3.connection.HTTPSConnection object at 0x7f54bf11e230>: Failed to resolve 'api.telegram.org' ([Errno -3] Temporary failure in name resolution)"))
쮏쟳쮐걣햟 쮐걣쟳쐃쥃: HTTPSConnectionPool(host='api.telegram.org', port=443): Max retries exceeded with url: /bot8083197773:AAGqfVg2eo0cygtyFSCZOSuX33HjoH16xTU/getUpdates?offset=204467550&timeout=30 (Caused by NameResolutionError("<urllib3.connection.HTTPSConnection object at 0x7f54bf186080>: Failed to resolve 'api.telegram.org' ([Errno -3] Temporary failure in name resolution)"))
쮏쟳쮐걣햟 쮐걣쟳쐃쥃: HTTPSConnectionPool(host='api.telegram.org', port=443): Max retries exceeded with url: /bot8083197773:AAGqfVg2eo0cygtyFSCZOSuX33HjoH16xTU/getUpdates?offset=204467550&timeout=30 (Caused by NameResolutionError("<urllib3.connection.HTTPSConnection object at 0x7f54bf1868c0>: Failed to resolve 'api.telegram.org' ([Errno -3] Temporary failure in name resolution)"))
쮏쟳쮐걣햟 쮐걣쟳쐃쥃: HTTPSConnectionPool(host='api.telegram.org', port=443): Max retries exceeded with url: /bot8083197773:AAGqfVg2eo0cygtyFSCZOSuX33HjoH16xTU/getUpdates?offset=204467550&timeout=30 (Caused by NameResolutionError("<urllib3.connection.HTTPSConnection object at 0x7f54bf1860e0>: Failed to resolve 'api.telegram.org' ([Errno -3] Temporary failure in name resolution)"))
쮏쟳쮐걣햟 쮐걣쟳쐃쥃: HTTPSConnectionPool(host='api.telegram.org', port=443): Max retries exceeded with url: /bot8083197773:AAGqfVg2eo0cygtyFSCZOSuX33HjoH16xTU/getUpdates?offset=204467550&timeout=30 (Caused by NameResolutionError("<urllib3.connection.HTTPSConnection object at 0x7f54bf185630>: Failed to resolve 'api.telegram.org' ([Errno -3] Temporary failure in name resolution)"))
쮏쟳쮐걣햟 쮐걣쟳쐃쥃: HTTPSConnectionPool(host='api.telegram.org', port=443): Max retries exceeded with url: /bot8083197773:AAGqfVg2eo0cygtyFSCZOSuX33HjoH16xTU/getUpdates?offset=204467550&timeout=30 (Caused by NameResolutionError("<urllib3.connection.HTTPSConnection object at 0x7f54bf1866b0>: Failed to resolve 'api.telegram.org' ([Errno -3] Temporary failure in name resolution)"))
쮏쟳쮐걣햟 쮐걣쟳쐃쥃: HTTPSConnectionPool(host='api.telegram.org', port=443): Max retries exceeded with url: /bot8083197773:AAGqfVg2eo0cygtyFSCZOSuX33HjoH16xTU/getUpdates?offset=204467550&timeout=30 (Caused by NameResolutionError("<urllib3.connection.HTTPSConnection object at 0x7f54bf187130>: Failed to resolve 'api.telegram.org' ([Errno -3] Temporary failure in name resolution)"))
쮏쟳쮐걣햟 쮐걣쟳쐃쥃: HTTPSConnectionPool(host='api.telegram.org', port=443): Max retries exceeded with url: /bot8083197773:AAGqfVg2eo0cygtyFSCZOSuX33HjoH16xTU/getUpdates?offset=204467550&timeout=30 (Caused by NameResolutionError("<urllib3.connection.HTTPSConnection object at 0x7f54bf185270>: Failed to resolve 'api.telegram.org' ([Errno -3] Temporary failure in name resolution)"))
쮏쟳쮐걣햟 쮐걣쟳쐃쥃: HTTPSConnectionPool(host='api.telegram.org', port=443): Max retries exceeded with url: /bot8083197773:AAGqfVg2eo0cygtyFSCZOSuX33HjoH16xTU/getUpdates?offset=204467550&timeout=30 (Caused by NameResolutionError("<urllib3.connection.HTTPSConnection object at 0x7f54bf185540>: Failed to resolve 'api.telegram.org' ([Errno -3] Temporary failure in name resolution)"))
뤯쐃쫧쮏쒫햣햫햦햣 쮐 쮏혧향쮏쒫썜햣햩혪 6424595615 (username: Dmitriy_prog): 游꽇 쮏햟햪햪햟 햦혝햟햫햦혪

쮏쟳쮐걣햟 쮐걣쟳쐃쥃: HTTPSConnectionPool(host='api.telegram.org', port=443): Max retries exceeded with url: /bot8083197773:AAGqfVg2eo0cygtyFSCZOSuX33HjoH16xTU/getUpdates?offset=204467551&timeout=30 (Caused by NameResolutionError("<urllib3.connection.HTTPSConnection object at 0x7f54bf186aa0>: Failed to resolve 'api.telegram.org' ([Errno -3] Temporary failure in name resolution)"))
뤯쐃쫧쮏쒫햣햫햦햣 쮐 쮏혧향쮏쒫썜햣햩혪 6424595615 (username: Dmitriy_prog): 游꽇 쮏햟햪햪햟 햦혝햟햫햦혪

뤯쐃쫧쮏쒫햣햫햦햣 쮐 쮏혧향쮏쒫썜햣햩혪 6424595615 (username: Dmitriy_prog): 游녻 햎쮏 쮐햦햩혧

뤯쐃쫧쮏쒫햣햫햦햣 쮐 쮏혧향쮏쒫썜햣햩혪 None (username: None): None

뤯쐃쫧쮏쒫햣햫햦햣 쮐 쮏혧향쮏쒫썜햣햩혪 6424595615 (username: Dmitriy_prog): 游녻 햎쮏 쮐햦햩혧

뤯쐃쫧쮏쒫햣햫햦햣 쮐 쮏혧향쮏쒫썜햣햩혪 6424595615 (username: Dmitriy_prog): /start

뤯쐃쫧쮏쒫햣햫햦햣 쮐 쮏혧향쮏쒫썜햣햩혪 6424595615 (username: Dmitriy_prog): 游꽇 쮏햟햪햪햟 햦혝햟햫햦혪

뤯쐃쫧쮏쒫햣햫햦햣 쮐 쮏혧향쮏쒫썜햣햩혪 None (username: None): None

뤯쐃쫧쮏쒫햣햫햦햣 쮐 쮏혧향쮏쒫썜햣햩혪 6424595615 (username: Dmitriy_prog): 햆햪햦혝햦햧

뤯쐃쫧쮏쒫햣햫햦햣 쮐 쮏혧향쮏쒫썜햣햩혪 None (username: None): None

뤯쐃쫧쮏쒫햣햫햦햣 쮐 쮏혧향쮏쒫썜햣햩혪 6424595615 (username: Dmitriy_prog): 19

뤯쐃쫧쮏쒫햣햫햦햣 쮐 쮏혧향쮏쒫썜햣햩혪 6424595615 (username: Dmitriy_prog): 88

뤯쐃쫧쮏쒫햣햫햦햣 쮐 쮏혧향쮏쒫썜햣햩혪 6424595615 (username: Dmitriy_prog): 190

뤯쐃쫧쮏쒫햣햫햦햣 쮐 쮏혧향쮏쒫썜햣햩혪 None (username: None): None

